
Showing logs for build [32mcb-kubecd-bdd-nh-1586284863-pr-4gwt7-1[0m stage [32mfrom-build-pack[0m and container [32mstep-credential-initializer-mkvff[0m
{"level":"warn","ts":1586286161.9833884,"logger":"fallback-logger","caller":"logging/config.go:69","msg":"Fetch GitHub commit ID from kodata failed: \"ref: refs/heads/0.8.0-**-support-backwards-incompats\" is not a valid GitHub commit ID"}
{"level":"info","ts":1586286161.9840899,"logger":"fallback-logger","caller":"creds-init/main.go:40","msg":"Credentials initialized."}

Showing logs for build [32mcb-kubecd-bdd-nh-1586284863-pr-4gwt7-1[0m stage [32mfrom-build-pack[0m and container [32mstep-working-dir-initializer-d4cfn[0m
{"level":"warn","ts":1586286163.050293,"logger":"fallback-logger","caller":"logging/config.go:69","msg":"Fetch GitHub commit ID from kodata failed: open /var/run/ko/HEAD: no such file or directory"}
{"level":"info","ts":1586286163.051963,"logger":"fallback-logger","caller":"bash/main.go:64","msg":"Successfully executed command \"sh -c mkdir -p /workspace/source\"; output "}

Showing logs for build [32mcb-kubecd-bdd-nh-1586284863-pr-4gwt7-1[0m stage [32mfrom-build-pack[0m and container [32mstep-place-tools[0m

Showing logs for build [32mcb-kubecd-bdd-nh-1586284863-pr-4gwt7-1[0m stage [32mfrom-build-pack[0m and container [32mstep-git-source-cb-kubecd-bdd-nh-1586284863-pr-4gwt7-7tcpb[0m
{"level":"warn","ts":1586286171.3140523,"logger":"fallback-logger","caller":"logging/config.go:69","msg":"Fetch GitHub commit ID from kodata failed: \"ref: refs/heads/0.8.0-**-support-backwards-incompats\" is not a valid GitHub commit ID"}
{"level":"info","ts":1586286172.4042222,"logger":"fallback-logger","caller":"git/git.go:103","msg":"Successfully cloned https://github.com/cb-kubecd/bdd-nh-1586284863.git @ master in path /workspace/source"}

Showing logs for build [32mcb-kubecd-bdd-nh-1586284863-pr-4gwt7-1[0m stage [32mfrom-build-pack[0m and container [32mstep-git-merge[0m
Using SHAs from PULL_REFS=master:91dac3a17a347f44cc2a83db0f7467aec3b135ec,1:2e704fb30d3faae58327e5ff782cc42d87583fa4
DEBUG: LC_ALL=C JX_LOG_LEVEL=error git fetch origin --unshallow 2e704fb30d3faae58327e5ff782cc42d87583fa4: 91dac3a17a347f44cc2a83db0f7467aec3b135ec:
DEBUG: ran git fetch --unshallow origin 2e704fb30d3faae58327e5ff782cc42d87583fa4: 91dac3a17a347f44cc2a83db0f7467aec3b135ec: in 
DEBUG: JX_LOG_LEVEL=error LC_ALL=C git branch
DEBUG: LC_ALL=C JX_LOG_LEVEL=error git checkout master
DEBUG: ran git checkout master in 
DEBUG: LC_ALL=C JX_LOG_LEVEL=error git reset --hard 91dac3a17a347f44cc2a83db0f7467aec3b135ec
DEBUG: ran git reset --hard 91dac3a17a347f44cc2a83db0f7467aec3b135ec in 
DEBUG: LC_ALL=C JX_LOG_LEVEL=error git clean -fd .
DEBUG: ran clean --force -d . in 
DEBUG: LC_ALL=C JX_LOG_LEVEL=error git merge 2e704fb30d3faae58327e5ff782cc42d87583fa4
DEBUG: ran git merge 2e704fb30d3faae58327e5ff782cc42d87583fa4 in 
DEBUG: LC_ALL=C JX_LOG_LEVEL=error git log --format=%H%x1f%an%x1f%ae%x1f%cn%x1f%ce%x1f%s%n%b%x1e 91dac3a17a347f44cc2a83db0f7467aec3b135ec..HEAD
Merged SHA 2e704fb30d3faae58327e5ff782cc42d87583fa4 with commit message 'My first PR commit' into base branch master

Showing logs for build [32mcb-kubecd-bdd-nh-1586284863-pr-4gwt7-1[0m stage [32mfrom-build-pack[0m and container [32mstep-build-npmrc[0m
Command "credential" is deprecated, it will be removed on Jun 1 2020.  This is replaced by Tekton's mounted secrets
WARNING: failed to find Secret npm-token in namespace **

Showing logs for build [32mcb-kubecd-bdd-nh-1586284863-pr-4gwt7-1[0m stage [32mfrom-build-pack[0m and container [32mstep-build-npm-install[0m
npm notice created a lockfile as package-lock.json. You should commit this file.
npm WARN REPLACE_ME@1.0.0 No repository field.
npm WARN REPLACE_ME@1.0.0 No license field.

up to date in 0.44s
found 0 vulnerabilities


Showing logs for build [32mcb-kubecd-bdd-nh-1586284863-pr-4gwt7-1[0m stage [32mfrom-build-pack[0m and container [32mstep-build-npm-test[0m

> REPLACE_ME@1.0.0 test /workspace/source
> echo "no test specified" && exit 0

no test specified

Showing logs for build [32mcb-kubecd-bdd-nh-1586284863-pr-4gwt7-1[0m stage [32mfrom-build-pack[0m and container [32mstep-build-container-build[0m
[36mINFO[0m[0000] Resolved base name node:9-slim to node:9-slim 
[36mINFO[0m[0000] Using dockerignore file: /workspace/source/.dockerignore 
[36mINFO[0m[0000] Resolved base name node:9-slim to node:9-slim 
[36mINFO[0m[0000] Retrieving image manifest node:9-slim        
ERROR: logging before flag.Parse: E0407 19:02:58.567210      11 metadata.go:142] while reading 'google-dockercfg' metadata: http status code: 404 while fetching url http://metadata.google.internal./computeMetadata/v1/instance/attributes/google-dockercfg
ERROR: logging before flag.Parse: E0407 19:02:58.570341      11 metadata.go:159] while reading 'google-dockercfg-url' metadata: http status code: 404 while fetching url http://metadata.google.internal./computeMetadata/v1/instance/attributes/google-dockercfg-url
[36mINFO[0m[0001] Retrieving image manifest node:9-slim        
[36mINFO[0m[0002] Built cross stage deps: map[]                
[36mINFO[0m[0002] Retrieving image manifest node:9-slim        
[36mINFO[0m[0004] Retrieving image manifest node:9-slim        
[36mINFO[0m[0005] cmd: EXPOSE                                  
[36mINFO[0m[0005] Adding exposed port: 8080/tcp                
[36mINFO[0m[0005] Checking for cached layer gcr.io/jenkins-x-bdd3/cache:be03c1e52b9ecdaa17783a14650ae37241e2febb68ca87e61af26e71dc2329c5... 
[36mINFO[0m[0006] No cached layer found for cmd COPY . .       
[36mINFO[0m[0006] Unpacking rootfs as cmd COPY . . requires it. 
[36mINFO[0m[0014] Taking snapshot of full filesystem...        
[36mINFO[0m[0014] Resolving paths                              
[36mINFO[0m[0016] ENV PORT 8080                                
[36mINFO[0m[0016] No files changed in this command, skipping snapshotting. 
[36mINFO[0m[0016] EXPOSE 8080                                  
[36mINFO[0m[0016] cmd: EXPOSE                                  
[36mINFO[0m[0016] Adding exposed port: 8080/tcp                
[36mINFO[0m[0016] No files changed in this command, skipping snapshotting. 
[36mINFO[0m[0016] WORKDIR /usr/src/app                         
[36mINFO[0m[0016] cmd: workdir                                 
[36mINFO[0m[0016] Changed working directory to /usr/src/app    
[36mINFO[0m[0016] Creating directory /usr/src/app              
[36mINFO[0m[0016] Resolving paths                              
[36mINFO[0m[0016] Taking snapshot of files...                  
[36mINFO[0m[0016] COPY . .                                     
[36mINFO[0m[0016] Resolving paths                              
[36mINFO[0m[0016] Taking snapshot of files...                  
[36mINFO[0m[0016] Pushing layer gcr.io/jenkins-x-bdd3/cache:be03c1e52b9ecdaa17783a14650ae37241e2febb68ca87e61af26e71dc2329c5 to cache now 
[36mINFO[0m[0016] CMD ["npm", "start"]                         
[36mINFO[0m[0016] No files changed in this command, skipping snapshotting. 

Showing logs for build [32mcb-kubecd-bdd-nh-1586284863-pr-4gwt7-1[0m stage [32mfrom-build-pack[0m and container [32mstep-postbuild-post-build[0m
no CVE provider running in the current ** namespace so skip adding image to be analysed

Showing logs for build [32mcb-kubecd-bdd-nh-1586284863-pr-4gwt7-1[0m stage [32mfrom-build-pack[0m and container [32mstep-promote-make-preview[0m
sed -i -e "s/version:.*/version: 0.0.0-SNAPSHOT-PR-1-1/" Chart.yaml
sed -i -e "s/version:.*/version: 0.0.0-SNAPSHOT-PR-1-1/" ../*/Chart.yaml
sed -i -e "s|repository:.*|repository: gcr.io\/jenkins-x-bdd3\/bdd-nh-1586284863|" values.yaml
sed -i -e "s/tag:.*/tag: 0.0.0-SNAPSHOT-PR-1-1/" values.yaml
echo "  version: 0.0.0-SNAPSHOT-PR-1-1" >> requirements.yaml
** step helm build
WARNING: No $CHART_REPOSITORY defined so using the default value of: http://jenkins-x-chartmuseum:8080
Adding missing Helm repo: storage.googleapis.com https://storage.googleapis.com/chartmuseum.jenkins-x.io
WARNING: No secrets found on "helm/repos" due: reading the secret "helm/repos" from vault: no secret "helm/repos" not found in vault
Read credentials for https://storage.googleapis.com/chartmuseum.jenkins-x.io from vault helm/repos
Successfully added Helm repository storage.googleapis.com.
Adding missing Helm repo: jenkins-x-chartmuseum http://jenkins-x-chartmuseum:8080
WARNING: No secrets found on "helm/repos" due: reading the secret "helm/repos" from vault: no secret "helm/repos" not found in vault
Read credentials for http://jenkins-x-chartmuseum:8080 from vault helm/repos
Successfully added Helm repository jenkins-x-chartmuseum.
WARNING: No $CHART_REPOSITORY defined so using the default value of: http://jenkins-x-chartmuseum:8080
Adding missing Helm repo: chartmuseum.jenkins-x.io http://chartmuseum.jenkins-x.io
WARNING: No secrets found on "helm/repos" due: reading the secret "helm/repos" from vault: no secret "helm/repos" not found in vault
Read credentials for http://chartmuseum.jenkins-x.io from vault helm/repos
Successfully added Helm repository chartmuseum.jenkins-x.io.

Showing logs for build [32mcb-kubecd-bdd-nh-1586284863-pr-4gwt7-1[0m stage [32mfrom-build-pack[0m and container [32mstep-promote-jx-preview[0m
Creating a preview
Created environment cb-kubecd-bdd-nh-1586284863-pr-1
Namespace **-cb-kubecd-bdd-nh-1586284863-pr-1 created 
expose:
  Annotations:
    helm.sh/hook: post-install,post-upgrade
    helm.sh/hook-delete-policy: hook-succeeded
  config:
    domain: 34.76.93.197.nip.io
    exposer: Ingress
    http: "true"
preview:
  image:
    repository: gcr.io/jenkins-x-bdd3/bdd-nh-1586284863
    tag: 0.0.0-SNAPSHOT-PR-1-1

Updating PipelineActivities cb-kubecd-bdd-nh-1586284863-pr-1-1 which has status Running
Preview application is now available at: http://bdd-nh-1586284863.**-cb-kubecd-bdd-nh-1586284863-pr-1.34.76.93.197.nip.io
